<?xml version="1.0" encoding="UTF-8"?>
<coverage generated="1629029567936" clover="3.2.0">
  <project timestamp="1629029567936" name="All files">
    <metrics statements="7" coveredstatements="7" conditionals="0" coveredconditionals="0" methods="1" coveredmethods="1" elements="8" coveredelements="8" complexity="0" loc="7" ncloc="7" packages="1" files="4" classes="4"/>
    <file name="course.methods.ts" path="/home/david/course-repo-api/src/models/course/course.methods.ts">
      <metrics statements="3" coveredstatements="3" conditionals="0" coveredconditionals="0" methods="1" coveredmethods="1"/>
      <line num="17" count="1" type="stmt"/>
      <line num="18" count="1" type="stmt"/>
      <line num="29" count="1" type="stmt"/>
    </file>
    <file name="course.model.ts" path="/home/david/course-repo-api/src/models/course/course.model.ts">
      <metrics statements="1" coveredstatements="1" conditionals="0" coveredconditionals="0" methods="0" coveredmethods="0"/>
      <line num="5" count="1" type="stmt"/>
    </file>
    <file name="course.schema.ts" path="/home/david/course-repo-api/src/models/course/course.schema.ts">
      <metrics statements="3" coveredstatements="3" conditionals="0" coveredconditionals="0" methods="0" coveredmethods="0"/>
      <line num="7" count="1" type="stmt"/>
      <line num="41" count="1" type="stmt"/>
      <line num="47" count="1" type="stmt"/>
    </file>
    <file name="course.types.ts" path="/home/david/course-repo-api/src/models/course/course.types.ts">
      <metrics statements="0" coveredstatements="0" conditionals="0" coveredconditionals="0" methods="0" coveredmethods="0"/>
    </file>
  </project>
</coverage>
