{"/home/david/course-repo-api/src/models/course/course.methods.ts": {"path":"/home/david/course-repo-api/src/models/course/course.methods.ts","statementMap":{"0":{"start":{"line":17,"column":69},"end":{"line":17,"column":79}},"1":{"start":{"line":18,"column":31},"end":{"line":27,"column":3}},"2":{"start":{"line":29,"column":2},"end":{"line":29,"column":50}}},"fnMap":{"0":{"name":"createCourse","decl":{"start":{"line":13,"column":22},"end":{"line":13,"column":34}},"loc":{"start":{"line":16,"column":28},"end":{"line":30,"column":1}},"line":16}},"branchMap":{},"s":{"0":1,"1":1,"2":1},"f":{"0":1},"b":{},"_coverageSchema":"1a1c01bbd47fc00a2c39e90264f33305004495a9","hash":"57b6472199f58888e3eb71c599610002f5074910"}
,"/home/david/course-repo-api/src/models/course/course.model.ts": {"path":"/home/david/course-repo-api/src/models/course/course.model.ts","statementMap":{"0":{"start":{"line":5,"column":27},"end":{"line":9,"column":1}}},"fnMap":{},"branchMap":{},"s":{"0":1},"f":{},"b":{},"_coverageSchema":"1a1c01bbd47fc00a2c39e90264f33305004495a9","hash":"bf83dda8c41c51cabf4cde76d07c0c1f02f0707c"}
,"/home/david/course-repo-api/src/models/course/course.schema.ts": {"path":"/home/david/course-repo-api/src/models/course/course.schema.ts","statementMap":{"0":{"start":{"line":7,"column":29},"end":{"line":40,"column":1}},"1":{"start":{"line":41,"column":0},"end":{"line":45,"column":3}},"2":{"start":{"line":47,"column":0},"end":{"line":47,"column":49}}},"fnMap":{},"branchMap":{},"s":{"0":1,"1":1,"2":1},"f":{},"b":{},"_coverageSchema":"1a1c01bbd47fc00a2c39e90264f33305004495a9","hash":"2a524fcc66050b628572297c234408337d9c0a20"}
,"/home/david/course-repo-api/src/models/course/course.types.ts": {"path":"/home/david/course-repo-api/src/models/course/course.types.ts","statementMap":{},"fnMap":{},"branchMap":{},"s":{},"f":{},"b":{},"_coverageSchema":"1a1c01bbd47fc00a2c39e90264f33305004495a9","hash":"29d359d17691345736bf67a9168bf46ccf416236"}
}
